Warning: vmap will not overwrite local modelsim.ini.
Warning: Library already exists at "work-msim".
DEBUG: modelsim_pfx: testing: /opt/ModelSim101/modeltech/bin/
DEBUG: try_set: altera_sim_lib: True: /home/ece327/altera
DEBUG: default_board: DE2
** Warning: (vlib-34) Library already exists at "work-msim".
** Warning: (vlib-34) Library already exists at "work-msim".
  Model Technology ModelSim SE-64 vcom 10.1 Compiler 2011.12 Dec  5 2011
Model Technology ModelSim SE-64 vcom 10.1 Compiler 2011.12 Dec  5 2011
-- Loading package STANDARD
-- Loading package STANDARD
-- Loading package TEXTIO
-- Loading package TEXTIO
-- Loading package std_logic_1164
-- Loading package std_logic_1164
-- Loading package NUMERIC_STD
-- Loading package NUMERIC_STD
-- Compiling entity mem
-- Compiling entity mem
-- Compiling architecture main of mem
-- Compiling architecture main of mem
-- Compiling package kirsch_synth_pkg
-- Compiling package kirsch_synth_pkg
-- Compiling package body kirsch_synth_pkg
-- Compiling package body kirsch_synth_pkg
-- Loading package kirsch_synth_pkg
-- Loading package kirsch_synth_pkg
-- Loading package kirsch_utility_pkg
-- Loading package kirsch_utility_pkg
-- Compiling entity kirsch
-- Compiling entity kirsch
-- Compiling architecture main of kirsch
-- Compiling architecture main of kirsch
-- Loading entity memory
-- Loading entity memory
-- Compiling package kirsch_utility_pkg
-- Compiling package kirsch_utility_pkg
-- Loading package kirsch_utility_pkg
-- Loading package kirsch_utility_pkg
-- Compiling entity memory
-- Compiling entity memory
-- Compiling architecture main of memory
-- Compiling architecture main of memory
-- Loading entity mem
-- Loading entity mem
-- Compiling package string_pkg
-- Compiling package string_pkg
-- Compiling package body string_pkg
-- Compiling package body string_pkg
-- Loading package string_pkg
-- Loading package string_pkg
-- Compiling package kirsch_synth_pkg
-- Compiling package kirsch_synth_pkg
-- Compiling package body kirsch_synth_pkg
-- Compiling package body kirsch_synth_pkg
-- Loading package kirsch_synth_pkg
-- Loading package kirsch_synth_pkg
-- Compiling package file_pkg
-- Compiling package file_pkg
-- Compiling package body file_pkg
-- Compiling package body file_pkg
-- Loading package file_pkg
-- Loading package file_pkg
-- Loading package string_pkg
-- Loading package string_pkg
-- Loading package file_pkg
-- Loading package file_pkg
-- Loading package kirsch_synth_pkg
-- Loading package kirsch_synth_pkg
-- Compiling package kirsch_unsynth_pkg
-- Compiling package kirsch_unsynth_pkg
-- Compiling package body kirsch_unsynth_pkg
-- Compiling package body kirsch_unsynth_pkg
-- Loading package kirsch_unsynth_pkg
-- Loading package kirsch_unsynth_pkg
-- Loading package kirsch_unsynth_pkg
-- Loading package kirsch_unsynth_pkg
-- Compiling entity kirsch_tb
-- Compiling entity kirsch_tb
-- Compiling architecture main of kirsch_tb
-- Compiling architecture main of kirsch_tb
-- Loading entity kirsch
-- Loading entity kirsch
 
