Flow report for top_kirsch
Tue Jul 22 01:54:13 2014
Quartus II Version 9.0 Build 132 02/25/2009 SJ Full Version


---------------------
; Table of Contents ;
---------------------
  1. Legal Notice
  2. Flow Summary
  3. Flow Settings
  4. Flow Non-Default Global Settings
  5. Flow Elapsed Time
  6. Flow OS Summary
  7. Flow Log



----------------
; Legal Notice ;
----------------
Copyright (C) 1991-2009 Altera Corporation
Your use of Altera Corporation's design tools, logic functions 
and other software and tools, and its AMPP partner logic 
functions, and any output files from any of the foregoing 
(including device programming or simulation files), and any 
associated documentation or information are expressly subject 
to the terms and conditions of the Altera Program License 
Subscription Agreement, Altera MegaCore Function License 
Agreement, or other applicable license agreement, including, 
without limitation, that your use is for the sole purpose of 
programming logic devices manufactured by Altera and sold by 
Altera or its authorized distributors.  Please refer to the 
applicable agreement for further details.



+-------------------------------------------------------------------------------+
; Flow Summary                                                                  ;
+------------------------------------+------------------------------------------+
; Flow Status                        ; Successful - Tue Jul 22 01:54:13 2014    ;
; Quartus II Version                 ; 9.0 Build 132 02/25/2009 SJ Full Version ;
; Revision Name                      ; top_kirsch                               ;
; Top-level Entity Name              ; top_kirsch                               ;
; Family                             ; Cyclone II                               ;
; Met timing requirements            ; N/A                                      ;
; Total logic elements               ; 702 / 33,216 ( 2 % )                     ;
;     Total combinational functions  ; 508 / 33,216 ( 2 % )                     ;
;     Dedicated logic registers      ; 463 / 33,216 ( 1 % )                     ;
; Total registers                    ; 463                                      ;
; Total pins                         ; 91 / 475 ( 19 % )                        ;
; Total virtual pins                 ; 0                                        ;
; Total memory bits                  ; 6,144 / 483,840 ( 1 % )                  ;
; Embedded Multiplier 9-bit elements ; 0 / 70 ( 0 % )                           ;
; Total PLLs                         ; 0 / 4 ( 0 % )                            ;
; Device                             ; EP2C35F672C7                             ;
; Timing Models                      ; Final                                    ;
+------------------------------------+------------------------------------------+


+-----------------------------------------+
; Flow Settings                           ;
+-------------------+---------------------+
; Option            ; Setting             ;
+-------------------+---------------------+
; Start date & time ; 07/22/2014 01:53:51 ;
; Main task         ; Compilation         ;
; Revision Name     ; top_kirsch          ;
+-------------------+---------------------+


+----------------------------------------------------------------------------------------------------+
; Flow Non-Default Global Settings                                                                   ;
+-----------------------+---------------------------------+---------------+-------------+------------+
; Assignment Name       ; Value                           ; Default Value ; Entity Name ; Section Id ;
+-----------------------+---------------------------------+---------------+-------------+------------+
; COMPILER_SIGNATURE_ID ; 128437425995638.140600843123962 ; --            ; --          ; --         ;
+-----------------------+---------------------------------+---------------+-------------+------------+


+--------------------------------------------------------------------------------------------------------------------------+
; Flow Elapsed Time                                                                                                        ;
+----------------------+--------------+-------------------------+---------------------+------------------------------------+
; Module Name          ; Elapsed Time ; Average Processors Used ; Peak Virtual Memory ; Total CPU Time (on all processors) ;
+----------------------+--------------+-------------------------+---------------------+------------------------------------+
; Analysis & Synthesis ; 00:00:02     ; 1.0                     ; --                  ; 00:00:01                           ;
; Fitter               ; 00:00:08     ; 1.0                     ; --                  ; 00:00:08                           ;
; Assembler            ; 00:00:06     ; 1.0                     ; --                  ; 00:00:06                           ;
; EDA Netlist Writer   ; 00:00:01     ; 1.0                     ; --                  ; 00:00:01                           ;
; Total                ; 00:00:17     ; --                      ; --                  ; 00:00:16                           ;
+----------------------+--------------+-------------------------+---------------------+------------------------------------+


+---------------------------------------------------------------------------------------+
; Flow OS Summary                                                                       ;
+----------------------+------------------------+---------+------------+----------------+
; Module Name          ; Machine Hostname       ; OS Name ; OS Version ; Processor type ;
+----------------------+------------------------+---------+------------+----------------+
; Analysis & Synthesis ; ecelinux5.uwaterloo.ca ; Red Hat ; 5          ; x86_64         ;
; Fitter               ; ecelinux5.uwaterloo.ca ; Red Hat ; 5          ; x86_64         ;
; Assembler            ; ecelinux5.uwaterloo.ca ; Red Hat ; 5          ; x86_64         ;
; EDA Netlist Writer   ; ecelinux5.uwaterloo.ca ; Red Hat ; 5          ; x86_64         ;
+----------------------+------------------------+---------+------------+----------------+


------------
; Flow Log ;
------------
quartus_map top_kirsch --source=top_kirsch_logic.edf --family=CycloneII
quartus_fit top_kirsch --effort=fast --part=EP2C35F672C7
quartus_asm top_kirsch
quartus_eda top_kirsch --simulation=on --tool=modelsim --format=vhdl



